<!DOCTYPE html PUBLIC "-//W3C//DTD XHTML 1.1//EN" "https://www.w3.org/TR/xhtml11/DTD/xhtml11.dtd">
<html xmlns="https://www.w3.org/1999/xhtml">
<head>
<meta charset='utf-8'>
<title>TestNG Report</title>
<style type="text/css">
table {margin-bottom:10px;border-collapse:collapse;empty-cells:show}
td,th {border:1px solid #009;padding:.25em .5em}
.result th {vertical-align:bottom}
.param th {padding-left:1em;padding-right:1em}
.param td {padding-left:.5em;padding-right:2em}
.stripe td,.stripe th {background-color: #E6EBF9}
.numi,.numi_attn {text-align:right}
.total td {font-weight:bold}
.passedodd td {background-color: #0A0}
.passedeven td {background-color: #3F3}
.skippedodd td {background-color: #CCC}
.skippedodd td {background-color: #DDD}
.failedodd td,.numi_attn {background-color: #F33}
.failedeven td,.stripe .numi_attn {background-color: #D00}
.stacktrace {white-space:pre;font-family:monospace}
.totop {font-size:85%;text-align:center;border-bottom:2px solid #000}
</style>
</head>
<body>
<table cellspacing="0" cellpadding="0" class="testOverview">
<tr><th>Test</th><th>Methods<br/>Passed</th><th>Scenarios<br/>Passed</th><th># skipped</th><th># failed</th><th>Total<br/>Time</th><th>Included<br/>Groups</th><th>Excluded<br/>Groups</th></tr>
<tr><td style="text-align:left;padding-right:2em"><a href="#t1">demo_nopcommerce02</a></td><td class="numi">10</td><td class="numi">5</td><td class="numi">0</td><td class="numi_attn">10</td><td class="numi">100.7 seconds</td><td class="numi"></td><td class="numi"></td></tr>
</table>
<table cellspacing="0" cellpadding="0" class="methodOverview" id="summary">
<tr><th>Class</th><th>Method</th><th># of<br/>Scenarios</th><th>Start</th><th>Time<br/>(ms)</th></tr>
<tr id="t1"><th colspan="5">demo_nopcommerce02 &#8212; failed</th></tr>
<tr class="failedodd"><td rowspan="10">testrunners.runner</td><td><a href="#m1"><b>runScenario</b> (cucumber) ("Runs Cucumber Scenarios")</a></td><td class="numi">5</td><td>1656613010116</td><td class="numi">52469</td></tr><tr class="failedodd"><td><a href="#m2"><b>runScenario</b> (cucumber) ("Runs Cucumber Scenarios")</a></td><td class="numi">5</td><td>1656613010116</td><td class="numi">52469</td></tr><tr class="failedodd"><td><a href="#m3"><b>runScenario</b> (cucumber) ("Runs Cucumber Scenarios")</a></td><td class="numi">5</td><td>1656613010116</td><td class="numi">52469</td></tr><tr class="failedodd"><td><a href="#m4"><b>runScenario</b> (cucumber) ("Runs Cucumber Scenarios")</a></td><td class="numi">5</td><td>1656613010116</td><td class="numi">52469</td></tr><tr class="failedodd"><td><a href="#m5"><b>runScenario</b> (cucumber) ("Runs Cucumber Scenarios")</a></td><td class="numi">5</td><td>1656613010116</td><td class="numi">52469</td></tr><tr class="failedodd"><td><a href="#m6"><b>runScenario</b> (cucumber) ("Runs Cucumber Scenarios")</a></td><td class="numi">5</td><td>1656613010116</td><td class="numi">52469</td></tr><tr class="failedodd"><td><a href="#m7"><b>runScenario</b> (cucumber) ("Runs Cucumber Scenarios")</a></td><td class="numi">5</td><td>1656613010116</td><td class="numi">52469</td></tr><tr class="failedodd"><td><a href="#m8"><b>runScenario</b> (cucumber) ("Runs Cucumber Scenarios")</a></td><td class="numi">5</td><td>1656613010116</td><td class="numi">52469</td></tr><tr class="failedodd"><td><a href="#m9"><b>runScenario</b> (cucumber) ("Runs Cucumber Scenarios")</a></td><td class="numi">5</td><td>1656613010116</td><td class="numi">52469</td></tr><tr class="failedodd"><td><a href="#m10"><b>runScenario</b> (cucumber) ("Runs Cucumber Scenarios")</a></td><td class="numi">5</td><td>1656613010116</td><td class="numi">52469</td></tr>
<tr><th colspan="5">demo_nopcommerce02 &#8212; passed</th></tr>
<tr class="passedodd"><td rowspan="10">testrunners.runner</td><td><a href="#m11"><b>runScenario</b> (cucumber) ("Runs Cucumber Scenarios")</a></td><td class="numi">5</td><td>1656612962469</td><td class="numi">47647</td></tr><tr class="passedodd"><td><a href="#m12"><b>runScenario</b> (cucumber) ("Runs Cucumber Scenarios")</a></td><td class="numi">5</td><td>1656612962469</td><td class="numi">47647</td></tr><tr class="passedodd"><td><a href="#m13"><b>runScenario</b> (cucumber) ("Runs Cucumber Scenarios")</a></td><td class="numi">5</td><td>1656612962469</td><td class="numi">47647</td></tr><tr class="passedodd"><td><a href="#m14"><b>runScenario</b> (cucumber) ("Runs Cucumber Scenarios")</a></td><td class="numi">5</td><td>1656612962469</td><td class="numi">47647</td></tr><tr class="passedodd"><td><a href="#m15"><b>runScenario</b> (cucumber) ("Runs Cucumber Scenarios")</a></td><td class="numi">5</td><td>1656612962469</td><td class="numi">47647</td></tr><tr class="passedodd"><td><a href="#m16"><b>runScenario</b> (cucumber) ("Runs Cucumber Scenarios")</a></td><td class="numi">5</td><td>1656612962469</td><td class="numi">47647</td></tr><tr class="passedodd"><td><a href="#m17"><b>runScenario</b> (cucumber) ("Runs Cucumber Scenarios")</a></td><td class="numi">5</td><td>1656612962469</td><td class="numi">47647</td></tr><tr class="passedodd"><td><a href="#m18"><b>runScenario</b> (cucumber) ("Runs Cucumber Scenarios")</a></td><td class="numi">5</td><td>1656612962469</td><td class="numi">47647</td></tr><tr class="passedodd"><td><a href="#m19"><b>runScenario</b> (cucumber) ("Runs Cucumber Scenarios")</a></td><td class="numi">5</td><td>1656612962469</td><td class="numi">47647</td></tr><tr class="passedodd"><td><a href="#m20"><b>runScenario</b> (cucumber) ("Runs Cucumber Scenarios")</a></td><td class="numi">5</td><td>1656612962469</td><td class="numi">47647</td></tr>
</table>
<h1>demo_nopcommerce02</h1>
<h2 id="m1">testrunners.runner:runScenario</h2>
<table cellspacing="0" cellpadding="0" class="result">
<tr class="param"><th>Parameter #1</th><th>Parameter #2</th></tr>
<tr class="param stripe"><td>&quot;Customer selects a product and clicks the ADD TO CART button&quot;</td>
<td>&quot;Customer can add products to cart&quot;</td>
</tr>
<tr><td colspan="2">
<div class="stacktrace">org.openqa.selenium.NoSuchElementException: no such element: Unable to locate element: {&quot;method&quot;:&quot;css selector&quot;,&quot;selector&quot;:&quot;#add\-to\-cart\-button\-4&quot;}
  (Session info: chrome=103.0.5060.66)
For documentation on this error, please visit: https://selenium.dev/exceptions/#no_such_element
Build info: version: &apos;4.1.4&apos;, revision: &apos;535d840ee2&apos;
System info: host: &apos;AHMED-PC&apos;, ip: &apos;192.168.1.4&apos;, os.name: &apos;Windows 10&apos;, os.arch: &apos;amd64&apos;, os.version: &apos;10.0&apos;, java.version: &apos;1.8.0_301&apos;
Driver info: org.openqa.selenium.chrome.ChromeDriver
Command: [fcbd2acf330b8a2db9b051537fc596fb, findElement {using=id, value=add-to-cart-button-4}]
Capabilities {acceptInsecureCerts: false, browserName: chrome, browserVersion: 103.0.5060.66, chrome: {chromedriverVersion: 103.0.5060.53 (a1711811edd7..., userDataDir: C:\Users\AHMED\AppData\Loca...}, goog:chromeOptions: {debuggerAddress: localhost:61875}, javascriptEnabled: true, networkConnectionEnabled: false, pageLoadStrategy: normal, platform: WINDOWS, platformName: WINDOWS, proxy: Proxy(), se:cdp: ws://localhost:61875/devtoo..., se:cdpVersion: 103.0.5060.66, setWindowRect: true, strictFileInteractability: false, timeouts: {implicit: 0, pageLoad: 300000, script: 30000}, unhandledPromptBehavior: dismiss and notify, webauthn:extension:credBlob: true, webauthn:extension:largeBlob: true, webauthn:virtualAuthenticators: true}
Session ID: fcbd2acf330b8a2db9b051537fc596fb
	at org.openqa.selenium.remote.codec.w3c.W3CHttpResponseCodec.createException(W3CHttpResponseCodec.java:200)
	at org.openqa.selenium.remote.codec.w3c.W3CHttpResponseCodec.decode(W3CHttpResponseCodec.java:133)
	at org.openqa.selenium.remote.codec.w3c.W3CHttpResponseCodec.decode(W3CHttpResponseCodec.java:53)
	at org.openqa.selenium.remote.HttpCommandExecutor.execute(HttpCommandExecutor.java:184)
	at org.openqa.selenium.remote.service.DriverCommandExecutor.invokeExecute(DriverCommandExecutor.java:167)
	at org.openqa.selenium.remote.service.DriverCommandExecutor.execute(DriverCommandExecutor.java:142)
	at org.openqa.selenium.remote.RemoteWebDriver.execute(RemoteWebDriver.java:567)
	at org.openqa.selenium.remote.ElementLocation$ElementFinder$2.findElement(ElementLocation.java:162)
	at org.openqa.selenium.remote.ElementLocation.findElement(ElementLocation.java:66)
	at org.openqa.selenium.remote.RemoteWebDriver.findElement(RemoteWebDriver.java:385)
	at org.openqa.selenium.remote.RemoteWebDriver.findElement(RemoteWebDriver.java:377)
	at org.openqa.selenium.support.pagefactory.DefaultElementLocator.findElement(DefaultElementLocator.java:70)
	at org.openqa.selenium.support.pagefactory.internal.LocatingElementHandler.invoke(LocatingElementHandler.java:39)
	at com.sun.proxy.$Proxy25.click(Unknown Source)
	at stepdefinitions.D09_ShoppingCartStepDef.addCart(D09_ShoppingCartStepDef.java:16)
	at ✽.select product and click add to cart button(file:///C:/Users/AHMED/Downloads/Frontend-Automation-Testing-main/demo_nopcommerce02/src/main/resources/features/F09_Shopping_Cart.feature:6)
... Removed 4 stack frames</div>
</td></tr>
</table>
<p class="totop"><a href="#summary">back to summary</a></p>
<h2 id="m2">testrunners.runner:runScenario</h2>
<table cellspacing="0" cellpadding="0" class="result">
<tr class="param"><th>Parameter #1</th><th>Parameter #2</th></tr>
<tr class="param stripe"><td>&quot;hover over the menu and clicks a random category then hovers over and clicks a sub-category if found&quot;</td>
<td>&quot;choose different categories and sub-categories&quot;</td>
</tr>
<tr><td colspan="2">
<div class="stacktrace">java.lang.AssertionError: The following asserts failed:
	expected [https://demo.nopcommerce.com/software] but found [https://demo.nopcommerce.com/]
	at stepdefinitions.D05_hoverCategoriesStepDef.hoverAssertion(D05_hoverCategoriesStepDef.java:31)
	at ✽.sub-category page loaded(file:///C:/Users/AHMED/Downloads/Frontend-Automation-Testing-main/demo_nopcommerce02/src/main/resources/features/F05_hover_Category.feature:9)
... Removed 2 stack frames</div>
</td></tr>
</table>
<p class="totop"><a href="#summary">back to summary</a></p>
<h2 id="m3">testrunners.runner:runScenario</h2>
<table cellspacing="0" cellpadding="0" class="result">
<tr class="param"><th>Parameter #1</th><th>Parameter #2</th></tr>
<tr class="param stripe"><td>&quot;Customer scrolls down to the bottom of the page and clicks the follow us icons/hyper-links&quot;</td>
<td>&quot;Follow us hyper-links open the equivalent URLs&quot;</td>
</tr>
<tr><td colspan="2">
<div class="stacktrace">org.openqa.selenium.NoSuchElementException: no such element: Unable to locate element: {&quot;method&quot;:&quot;link text&quot;,&quot;selector&quot;:&quot;YouTube&quot;}
  (Session info: chrome=103.0.5060.66)
For documentation on this error, please visit: https://selenium.dev/exceptions/#no_such_element
Build info: version: &apos;4.1.4&apos;, revision: &apos;535d840ee2&apos;
System info: host: &apos;AHMED-PC&apos;, ip: &apos;192.168.1.4&apos;, os.name: &apos;Windows 10&apos;, os.arch: &apos;amd64&apos;, os.version: &apos;10.0&apos;, java.version: &apos;1.8.0_301&apos;
Driver info: org.openqa.selenium.chrome.ChromeDriver
Command: [6c8c62911e9957e820ddc4caf7d54b32, findElement {using=link text, value=YouTube}]
Capabilities {acceptInsecureCerts: false, browserName: chrome, browserVersion: 103.0.5060.66, chrome: {chromedriverVersion: 103.0.5060.53 (a1711811edd7..., userDataDir: C:\Users\AHMED\AppData\Loca...}, goog:chromeOptions: {debuggerAddress: localhost:61797}, javascriptEnabled: true, networkConnectionEnabled: false, pageLoadStrategy: normal, platform: WINDOWS, platformName: WINDOWS, proxy: Proxy(), se:cdp: ws://localhost:61797/devtoo..., se:cdpVersion: 103.0.5060.66, setWindowRect: true, strictFileInteractability: false, timeouts: {implicit: 0, pageLoad: 300000, script: 30000}, unhandledPromptBehavior: dismiss and notify, webauthn:extension:credBlob: true, webauthn:extension:largeBlob: true, webauthn:virtualAuthenticators: true}
Session ID: 6c8c62911e9957e820ddc4caf7d54b32
	at org.openqa.selenium.remote.codec.w3c.W3CHttpResponseCodec.createException(W3CHttpResponseCodec.java:200)
	at org.openqa.selenium.remote.codec.w3c.W3CHttpResponseCodec.decode(W3CHttpResponseCodec.java:133)
	at org.openqa.selenium.remote.codec.w3c.W3CHttpResponseCodec.decode(W3CHttpResponseCodec.java:53)
	at org.openqa.selenium.remote.HttpCommandExecutor.execute(HttpCommandExecutor.java:184)
	at org.openqa.selenium.remote.service.DriverCommandExecutor.invokeExecute(DriverCommandExecutor.java:167)
	at org.openqa.selenium.remote.service.DriverCommandExecutor.execute(DriverCommandExecutor.java:142)
	at org.openqa.selenium.remote.RemoteWebDriver.execute(RemoteWebDriver.java:567)
	at org.openqa.selenium.remote.ElementLocation$ElementFinder$2.findElement(ElementLocation.java:162)
	at org.openqa.selenium.remote.ElementLocation.findElement(ElementLocation.java:60)
	at org.openqa.selenium.remote.RemoteWebDriver.findElement(RemoteWebDriver.java:385)
	at org.openqa.selenium.remote.RemoteWebDriver.findElement(RemoteWebDriver.java:377)
	at org.openqa.selenium.support.pagefactory.DefaultElementLocator.findElement(DefaultElementLocator.java:70)
	at org.openqa.selenium.support.pagefactory.internal.LocatingElementHandler.invoke(LocatingElementHandler.java:39)
	at com.sun.proxy.$Proxy25.click(Unknown Source)
	at stepdefinitions.D07_followUsStepDef.clickYoutube(D07_followUsStepDef.java:33)
	at ✽.click the youtube icon(file:///C:/Users/AHMED/Downloads/Frontend-Automation-Testing-main/demo_nopcommerce02/src/main/resources/features/F07_follow_Us.feature:9)
... Removed 4 stack frames</div>
</td></tr>
</table>
<p class="totop"><a href="#summary">back to summary</a></p>
<h2 id="m4">testrunners.runner:runScenario</h2>
<table cellspacing="0" cellpadding="0" class="result">
<tr class="param"><th>Parameter #1</th><th>Parameter #2</th></tr>
<tr class="param stripe"><td>&quot;Customer selects a product and clicks Add to wishlist icon&quot;</td>
<td>&quot;Customer can add products to their wishlist&quot;</td>
</tr>
<tr><td colspan="2">
<div class="stacktrace">org.openqa.selenium.NoSuchElementException: no such element: Unable to locate element: {&quot;method&quot;:&quot;css selector&quot;,&quot;selector&quot;:&quot;#add\-to\-wishlist\-button\-4&quot;}
  (Session info: chrome=103.0.5060.66)
For documentation on this error, please visit: https://selenium.dev/exceptions/#no_such_element
Build info: version: &apos;4.1.4&apos;, revision: &apos;535d840ee2&apos;
System info: host: &apos;AHMED-PC&apos;, ip: &apos;192.168.1.4&apos;, os.name: &apos;Windows 10&apos;, os.arch: &apos;amd64&apos;, os.version: &apos;10.0&apos;, java.version: &apos;1.8.0_301&apos;
Driver info: org.openqa.selenium.chrome.ChromeDriver
Command: [bb151cf577fd14588e8d9a35aac2b5a7, findElement {using=id, value=add-to-wishlist-button-4}]
Capabilities {acceptInsecureCerts: false, browserName: chrome, browserVersion: 103.0.5060.66, chrome: {chromedriverVersion: 103.0.5060.53 (a1711811edd7..., userDataDir: C:\Users\AHMED\AppData\Loca...}, goog:chromeOptions: {debuggerAddress: localhost:61855}, javascriptEnabled: true, networkConnectionEnabled: false, pageLoadStrategy: normal, platform: WINDOWS, platformName: WINDOWS, proxy: Proxy(), se:cdp: ws://localhost:61855/devtoo..., se:cdpVersion: 103.0.5060.66, setWindowRect: true, strictFileInteractability: false, timeouts: {implicit: 0, pageLoad: 300000, script: 30000}, unhandledPromptBehavior: dismiss and notify, webauthn:extension:credBlob: true, webauthn:extension:largeBlob: true, webauthn:virtualAuthenticators: true}
Session ID: bb151cf577fd14588e8d9a35aac2b5a7
	at org.openqa.selenium.remote.codec.w3c.W3CHttpResponseCodec.createException(W3CHttpResponseCodec.java:200)
	at org.openqa.selenium.remote.codec.w3c.W3CHttpResponseCodec.decode(W3CHttpResponseCodec.java:133)
	at org.openqa.selenium.remote.codec.w3c.W3CHttpResponseCodec.decode(W3CHttpResponseCodec.java:53)
	at org.openqa.selenium.remote.HttpCommandExecutor.execute(HttpCommandExecutor.java:184)
	at org.openqa.selenium.remote.service.DriverCommandExecutor.invokeExecute(DriverCommandExecutor.java:167)
	at org.openqa.selenium.remote.service.DriverCommandExecutor.execute(DriverCommandExecutor.java:142)
	at org.openqa.selenium.remote.RemoteWebDriver.execute(RemoteWebDriver.java:567)
	at org.openqa.selenium.remote.ElementLocation$ElementFinder$2.findElement(ElementLocation.java:162)
	at org.openqa.selenium.remote.ElementLocation.findElement(ElementLocation.java:66)
	at org.openqa.selenium.remote.RemoteWebDriver.findElement(RemoteWebDriver.java:385)
	at org.openqa.selenium.remote.RemoteWebDriver.findElement(RemoteWebDriver.java:377)
	at org.openqa.selenium.support.pagefactory.DefaultElementLocator.findElement(DefaultElementLocator.java:70)
	at org.openqa.selenium.support.pagefactory.internal.LocatingElementHandler.invoke(LocatingElementHandler.java:39)
	at com.sun.proxy.$Proxy25.click(Unknown Source)
	at stepdefinitions.D08_WishlistStepDef.addProduct(D08_WishlistStepDef.java:16)
	at ✽.click add to wishlist icon(file:///C:/Users/AHMED/Downloads/Frontend-Automation-Testing-main/demo_nopcommerce02/src/main/resources/features/F08_Wishlist.feature:6)
... Removed 4 stack frames</div>
</td></tr>
</table>
<p class="totop"><a href="#summary">back to summary</a></p>
<h2 id="m5">testrunners.runner:runScenario</h2>
<table cellspacing="0" cellpadding="0" class="result">
<tr class="param"><th>Parameter #1</th><th>Parameter #2</th></tr>
<tr class="param stripe"><td>&quot;click the Nokia banner on slider wrapper&quot;</td>
<td>&quot;click the slider wrapper&quot;</td>
</tr>
<tr><td colspan="2">
<div class="stacktrace">org.openqa.selenium.ElementClickInterceptedException: element click intercepted: Element &lt;a href=&quot;http://demo.nopcommerce.com/&quot; aria-label=&quot;&quot; class=&quot;nivo-imageLink&quot; style=&quot;display: block;&quot;&gt;...&lt;/a&gt; is not clickable at point (831, 498). Other element would receive the click: &lt;a href=&quot;http://demo.nopcommerce.com/&quot; aria-label=&quot;&quot; class=&quot;nivo-imageLink&quot; style=&quot;display: block;&quot;&gt;...&lt;/a&gt;
  (Session info: chrome=103.0.5060.66)
Build info: version: &apos;4.1.4&apos;, revision: &apos;535d840ee2&apos;
System info: host: &apos;AHMED-PC&apos;, ip: &apos;192.168.1.4&apos;, os.name: &apos;Windows 10&apos;, os.arch: &apos;amd64&apos;, os.version: &apos;10.0&apos;, java.version: &apos;1.8.0_301&apos;
Driver info: org.openqa.selenium.chrome.ChromeDriver
Command: [a7fd424cd71162efb9f17508b2c28b4f, clickElement {id=8490210d-44c8-4498-b93d-af8e89cce453}]
Capabilities {acceptInsecureCerts: false, browserName: chrome, browserVersion: 103.0.5060.66, chrome: {chromedriverVersion: 103.0.5060.53 (a1711811edd7..., userDataDir: C:\Users\AHMED\AppData\Loca...}, goog:chromeOptions: {debuggerAddress: localhost:61777}, javascriptEnabled: true, networkConnectionEnabled: false, pageLoadStrategy: normal, platform: WINDOWS, platformName: WINDOWS, proxy: Proxy(), se:cdp: ws://localhost:61777/devtoo..., se:cdpVersion: 103.0.5060.66, setWindowRect: true, strictFileInteractability: false, timeouts: {implicit: 0, pageLoad: 300000, script: 30000}, unhandledPromptBehavior: dismiss and notify, webauthn:extension:credBlob: true, webauthn:extension:largeBlob: true, webauthn:virtualAuthenticators: true}
Element: [[ChromeDriver: chrome on WINDOWS (a7fd424cd71162efb9f17508b2c28b4f)] -&gt; xpath: //*[@id=&quot;nivo-slider&quot;]/a[1]]
Session ID: a7fd424cd71162efb9f17508b2c28b4f
	at org.openqa.selenium.remote.codec.w3c.W3CHttpResponseCodec.createException(W3CHttpResponseCodec.java:200)
	at org.openqa.selenium.remote.codec.w3c.W3CHttpResponseCodec.decode(W3CHttpResponseCodec.java:133)
	at org.openqa.selenium.remote.codec.w3c.W3CHttpResponseCodec.decode(W3CHttpResponseCodec.java:53)
	at org.openqa.selenium.remote.HttpCommandExecutor.execute(HttpCommandExecutor.java:184)
	at org.openqa.selenium.remote.service.DriverCommandExecutor.invokeExecute(DriverCommandExecutor.java:167)
	at org.openqa.selenium.remote.service.DriverCommandExecutor.execute(DriverCommandExecutor.java:142)
	at org.openqa.selenium.remote.RemoteWebDriver.execute(RemoteWebDriver.java:567)
	at org.openqa.selenium.remote.RemoteWebElement.execute(RemoteWebElement.java:251)
	at org.openqa.selenium.remote.RemoteWebElement.click(RemoteWebElement.java:77)
	at org.openqa.selenium.support.pagefactory.internal.LocatingElementHandler.invoke(LocatingElementHandler.java:52)
	at com.sun.proxy.$Proxy25.click(Unknown Source)
	at stepdefinitions.D06_homeSlidersStepDef.clickNokiaBanner(D06_homeSlidersStepDef.java:17)
	at ✽.click on the Nokia banner(file:///C:/Users/AHMED/Downloads/Frontend-Automation-Testing-main/demo_nopcommerce02/src/main/resources/features/F06_home_Sliders.feature:7)
... Removed 8 stack frames</div>
</td></tr>
</table>
<p class="totop"><a href="#summary">back to summary</a></p>
<h2 id="m6">testrunners.runner:runScenario</h2>
<table cellspacing="0" cellpadding="0" class="result">
<tr class="param"><th>Parameter #1</th><th>Parameter #2</th></tr>
<tr class="param stripe"><td>&quot;user enter valid data&quot;</td>
<td>&quot;register with valid data&quot;</td>
</tr>
</table>
<p class="totop"><a href="#summary">back to summary</a></p>
<h2 id="m7">testrunners.runner:runScenario</h2>
<table cellspacing="0" cellpadding="0" class="result">
<tr class="param"><th>Parameter #1</th><th>Parameter #2</th></tr>
<tr class="param stripe"><td>&quot;switch between US and Euro&quot;</td>
<td>&quot;Customer can switch between currencies&quot;</td>
</tr>
</table>
<p class="totop"><a href="#summary">back to summary</a></p>
<h2 id="m8">testrunners.runner:runScenario</h2>
<table cellspacing="0" cellpadding="0" class="result">
<tr class="param"><th>Parameter #1</th><th>Parameter #2</th></tr>
<tr class="param stripe"><td>&quot;Customer searches for the desired products using SKU&quot;</td>
<td>&quot;Customer can search for any products&quot;</td>
</tr>
</table>
<p class="totop"><a href="#summary">back to summary</a></p>
<h2 id="m9">testrunners.runner:runScenario</h2>
<table cellspacing="0" cellpadding="0" class="result">
<tr class="param"><th>Parameter #1</th><th>Parameter #2</th></tr>
<tr class="param stripe"><td>&quot;logs in with valid credentials&quot;</td>
<td>&quot;login with valid credentials&quot;</td>
</tr>
</table>
<p class="totop"><a href="#summary">back to summary</a></p>
<h2 id="m10">testrunners.runner:runScenario</h2>
<table cellspacing="0" cellpadding="0" class="result">
<tr class="param"><th>Parameter #1</th><th>Parameter #2</th></tr>
<tr class="param stripe"><td>&quot;searches for the products using product name&quot;</td>
<td>&quot;Customer can search for any products&quot;</td>
</tr>
</table>
<p class="totop"><a href="#summary">back to summary</a></p>
</body></html>
